2025-03-16 06:35:15,965 [INFO] rehab_manager: 康复训练管理器初始化完成 [in E:\ssjsy\flaskProject1\app\utils\rehab\rehab_manager.py:42]
2025-03-16 06:35:16,004 [INFO] pose_detector: 姿势检测器初始化完成 [in E:\ssjsy\flaskProject1\app\models\rehab\pose_detector.py:56]
2025-03-16 06:35:16,005 [INFO] rehab_manager: 康复训练管理器初始化完成 [in E:\ssjsy\flaskProject1\app\utils\rehab\rehab_manager.py:42]
2025-03-16 06:35:45,770 [INFO] rehab_manager: 康复训练管理器初始化完成 [in E:\ssjsy\flaskProject1\app\utils\rehab\rehab_manager.py:42]
2025-03-16 06:35:45,782 [INFO] pose_detector: 姿势检测器初始化完成 [in E:\ssjsy\flaskProject1\app\models\rehab\pose_detector.py:56]
2025-03-16 06:35:45,783 [INFO] rehab_manager: 康复训练管理器初始化完成 [in E:\ssjsy\flaskProject1\app\utils\rehab\rehab_manager.py:42]
2025-03-16 06:36:11,248 [INFO] rehab_manager: 康复训练管理器初始化完成 [in E:\ssjsy\flaskProject1\app\utils\rehab\rehab_manager.py:42]
2025-03-16 06:36:11,259 [INFO] pose_detector: 姿势检测器初始化完成 [in E:\ssjsy\flaskProject1\app\models\rehab\pose_detector.py:56]
2025-03-16 06:36:11,261 [INFO] rehab_manager: 康复训练管理器初始化完成 [in E:\ssjsy\flaskProject1\app\utils\rehab\rehab_manager.py:42]
2025-03-16 06:36:11,262 [INFO] rehab_manager: 康复训练管理器初始化完成 [in E:\ssjsy\flaskProject1\app\utils\rehab\rehab_manager.py:42]
2025-03-16 06:36:11,263 [INFO] app: 应用初始化完成，资源预热完毕 [in E:\ssjsy\flaskProject1\app\__init__.py:73]
2025-03-16 06:36:28,350 [INFO] rehab_manager: 康复训练管理器初始化完成 [in E:\ssjsy\flaskProject1\app\utils\rehab\rehab_manager.py:42]
2025-03-16 06:36:28,361 [INFO] pose_detector: 姿势检测器初始化完成 [in E:\ssjsy\flaskProject1\app\models\rehab\pose_detector.py:56]
2025-03-16 06:36:28,362 [INFO] rehab_manager: 康复训练管理器初始化完成 [in E:\ssjsy\flaskProject1\app\utils\rehab\rehab_manager.py:42]
2025-03-16 06:36:28,365 [INFO] rehab_manager: 康复训练管理器初始化完成 [in E:\ssjsy\flaskProject1\app\utils\rehab\rehab_manager.py:42]
2025-03-16 06:36:28,365 [INFO] app: 应用初始化完成，资源预热完毕 [in E:\ssjsy\flaskProject1\app\__init__.py:73]
2025-03-16 06:36:28,384 [WARNING] werkzeug:  * Debugger is active! [in E:\ssjsy\flaskProject1\venv\lib\site-packages\werkzeug\_internal.py:96]
2025-03-16 06:37:50,172 [INFO] pose_detector: 姿势检测器初始化完成 [in E:\ssjsy\flaskProject1\app\models\rehab\pose_detector.py:56]
2025-03-16 06:37:50,172 [INFO] rehab_manager: 康复训练管理器初始化完成 [in E:\ssjsy\flaskProject1\app\utils\rehab\rehab_manager.py:42]
2025-03-16 06:37:50,173 [INFO] rehab_manager: 根据Cobb角度 25° 判断侧弯程度: 中度 [in E:\ssjsy\flaskProject1\app\utils\rehab\rehab_manager.py:400]
2025-03-16 06:37:50,174 [ERROR] rehab_manager: 创建康复计划失败: 'variations' [in E:\ssjsy\flaskProject1\app\utils\rehab\rehab_manager.py:432]
2025-03-16 06:37:50,925 [INFO] app: 请求参考姿势轮廓: spine_stretch, base64=True [in E:\ssjsy\flaskProject1\app\routes.py:878]
2025-03-16 06:37:54,651 [INFO] app: 请求参考姿势轮廓: spine_stretch, base64=True [in E:\ssjsy\flaskProject1\app\routes.py:878]
2025-03-16 06:37:54,652 [INFO] app: 请求参考姿势轮廓: side_bend, base64=True [in E:\ssjsy\flaskProject1\app\routes.py:878]
2025-03-16 06:37:54,653 [INFO] app: 请求参考姿势轮廓: schroth_method, base64=True [in E:\ssjsy\flaskProject1\app\routes.py:878]
2025-03-16 06:38:02,415 [INFO] app: 开始训练: session_id=9fe24f44-8a77-4713-abfd-f46428ecfd67, exercise_id=demo1 [in E:\ssjsy\flaskProject1\app\routes.py:1230]
2025-03-16 06:38:02,693 [INFO] pose_detector: 姿势检测器初始化完成 [in E:\ssjsy\flaskProject1\app\models\rehab\pose_detector.py:56]
2025-03-16 06:38:09,780 [WARNING] app.utils.decorators: IP 127.0.0.1 请求过快，已达到限制: 15/30秒 [in E:\ssjsy\flaskProject1\app\utils\decorators.py:136]
2025-03-16 06:38:09,980 [WARNING] app.utils.decorators: IP 127.0.0.1 请求过快，已达到限制: 15/30秒 [in E:\ssjsy\flaskProject1\app\utils\decorators.py:136]
2025-03-16 06:38:10,633 [WARNING] app.utils.decorators: IP 127.0.0.1 请求过快，已达到限制: 15/30秒 [in E:\ssjsy\flaskProject1\app\utils\decorators.py:136]
2025-03-16 06:38:10,894 [WARNING] app.utils.decorators: IP 127.0.0.1 请求过快，已达到限制: 15/30秒 [in E:\ssjsy\flaskProject1\app\utils\decorators.py:136]
2025-03-16 06:38:11,089 [WARNING] app.utils.decorators: IP 127.0.0.1 请求过快，已达到限制: 15/30秒 [in E:\ssjsy\flaskProject1\app\utils\decorators.py:136]
2025-03-16 06:38:11,793 [WARNING] app.utils.decorators: IP 127.0.0.1 请求过快，已达到限制: 15/30秒 [in E:\ssjsy\flaskProject1\app\utils\decorators.py:136]
2025-03-16 06:38:33,739 [WARNING] app.utils.decorators: IP 127.0.0.1 请求过快，已达到限制: 15/30秒 [in E:\ssjsy\flaskProject1\app\utils\decorators.py:136]
2025-03-16 06:38:33,892 [WARNING] app.utils.decorators: IP 127.0.0.1 请求过快，已达到限制: 15/30秒 [in E:\ssjsy\flaskProject1\app\utils\decorators.py:136]
2025-03-16 06:38:36,048 [WARNING] app.utils.decorators: IP 127.0.0.1 请求过快，已达到限制: 15/30秒 [in E:\ssjsy\flaskProject1\app\utils\decorators.py:136]
2025-03-16 06:38:37,089 [WARNING] app.utils.decorators: IP 127.0.0.1 请求过快，已达到限制: 15/30秒 [in E:\ssjsy\flaskProject1\app\utils\decorators.py:136]
2025-03-16 06:38:38,094 [WARNING] app.utils.decorators: IP 127.0.0.1 请求过快，已达到限制: 15/30秒 [in E:\ssjsy\flaskProject1\app\utils\decorators.py:136]
2025-03-16 06:38:40,050 [WARNING] app.utils.decorators: IP 127.0.0.1 请求过快，已达到限制: 15/30秒 [in E:\ssjsy\flaskProject1\app\utils\decorators.py:136]
2025-03-16 06:38:40,110 [WARNING] app.utils.decorators: IP 127.0.0.1 请求过快，已达到限制: 15/30秒 [in E:\ssjsy\flaskProject1\app\utils\decorators.py:136]
2025-03-16 06:38:40,748 [WARNING] app.utils.decorators: IP 127.0.0.1 请求过快，已达到限制: 15/30秒 [in E:\ssjsy\flaskProject1\app\utils\decorators.py:136]
2025-03-16 06:38:41,014 [WARNING] app.utils.decorators: IP 127.0.0.1 请求过快，已达到限制: 15/30秒 [in E:\ssjsy\flaskProject1\app\utils\decorators.py:136]
2025-03-16 06:38:41,074 [WARNING] app.utils.decorators: IP 127.0.0.1 请求过快，已达到限制: 15/30秒 [in E:\ssjsy\flaskProject1\app\utils\decorators.py:136]
2025-03-16 06:38:41,729 [WARNING] app.utils.decorators: IP 127.0.0.1 请求过快，已达到限制: 15/30秒 [in E:\ssjsy\flaskProject1\app\utils\decorators.py:136]
2025-03-16 06:38:41,992 [WARNING] app.utils.decorators: IP 127.0.0.1 请求过快，已达到限制: 15/30秒 [in E:\ssjsy\flaskProject1\app\utils\decorators.py:136]
2025-03-16 06:38:58,823 [INFO] app: 跳过训练: session_id=9fe24f44-8a77-4713-abfd-f46428ecfd67, exercise_id=demo1 [in E:\ssjsy\flaskProject1\app\routes.py:1287]
2025-03-16 06:38:59,130 [INFO] app: 请求参考姿势轮廓: side_bend, base64=True [in E:\ssjsy\flaskProject1\app\routes.py:878]
2025-03-16 06:39:02,244 [INFO] app: 跳过训练: session_id=9fe24f44-8a77-4713-abfd-f46428ecfd67, exercise_id=demo2 [in E:\ssjsy\flaskProject1\app\routes.py:1287]
2025-03-16 06:39:02,245 [INFO] app: 请求参考姿势轮廓: schroth_method, base64=True [in E:\ssjsy\flaskProject1\app\routes.py:878]
2025-03-16 06:39:02,679 [INFO] app: 跳过训练: session_id=9fe24f44-8a77-4713-abfd-f46428ecfd67, exercise_id=demo3 [in E:\ssjsy\flaskProject1\app\routes.py:1287]
2025-03-16 06:39:23,384 [INFO] rehab_manager: 根据Cobb角度 15° 判断侧弯程度: 轻度 [in E:\ssjsy\flaskProject1\app\utils\rehab\rehab_manager.py:400]
2025-03-16 06:39:23,385 [ERROR] rehab_manager: 创建康复计划失败: 'variations' [in E:\ssjsy\flaskProject1\app\utils\rehab\rehab_manager.py:432]
2025-03-16 06:39:24,424 [INFO] app: 请求参考姿势轮廓: spine_stretch, base64=True [in E:\ssjsy\flaskProject1\app\routes.py:878]
2025-03-16 06:39:25,298 [INFO] app: 请求参考姿势轮廓: spine_stretch, base64=True [in E:\ssjsy\flaskProject1\app\routes.py:878]
2025-03-16 06:39:25,299 [INFO] app: 请求参考姿势轮廓: side_bend, base64=True [in E:\ssjsy\flaskProject1\app\routes.py:878]
2025-03-16 06:39:25,300 [INFO] app: 请求参考姿势轮廓: schroth_method, base64=True [in E:\ssjsy\flaskProject1\app\routes.py:878]
2025-03-16 06:39:41,344 [WARNING] app.utils.decorators: IP 127.0.0.1 请求过快，已达到限制: 15/30秒 [in E:\ssjsy\flaskProject1\app\utils\decorators.py:136]
2025-03-16 06:39:41,611 [WARNING] app.utils.decorators: IP 127.0.0.1 请求过快，已达到限制: 15/30秒 [in E:\ssjsy\flaskProject1\app\utils\decorators.py:136]
2025-03-16 06:39:41,708 [WARNING] app.utils.decorators: IP 127.0.0.1 请求过快，已达到限制: 15/30秒 [in E:\ssjsy\flaskProject1\app\utils\decorators.py:136]
2025-03-16 06:39:42,359 [WARNING] app.utils.decorators: IP 127.0.0.1 请求过快，已达到限制: 15/30秒 [in E:\ssjsy\flaskProject1\app\utils\decorators.py:136]
2025-03-16 06:39:42,624 [WARNING] app.utils.decorators: IP 127.0.0.1 请求过快，已达到限制: 15/30秒 [in E:\ssjsy\flaskProject1\app\utils\decorators.py:136]
2025-03-16 06:39:42,741 [WARNING] app.utils.decorators: IP 127.0.0.1 请求过快，已达到限制: 15/30秒 [in E:\ssjsy\flaskProject1\app\utils\decorators.py:136]
2025-03-16 06:40:55,053 [INFO] app: 接收到图像: (505, 403, 3), 类型: uint8 [in E:\ssjsy\flaskProject1\app\routes.py:226]
2025-03-16 06:40:55,133 [INFO] app: 分析处理后的图像: (512, 408, 3) [in E:\ssjsy\flaskProject1\app\routes.py:240]
2025-03-16 06:40:55,135 [INFO] app: 优化版分析图像: 408x512 [in E:\ssjsy\flaskProject1\app\utils\analyzer.py:191]
2025-03-16 06:40:55,136 [INFO] app: 开始脊柱检测处理 [in E:\ssjsy\flaskProject1\app\models\back_detector.py:48]
2025-03-16 06:40:55,205 [INFO] app: 脊柱检测完成，耗时 0.069秒，检测到 7 个关键点 [in E:\ssjsy\flaskProject1\app\models\back_detector.py:145]
2025-03-16 06:40:55,207 [INFO] app: 使用改进版Cobb角度计算方法 [in E:\ssjsy\flaskProject1\app\utils\analyzer.py:223]
2025-03-16 06:40:55,216 [WARNING] app: 点数太少，使用基于图像的估计模拟脊柱 [in E:\ssjsy\flaskProject1\app\utils\geometry.py:1870]
2025-03-16 06:40:56,634 [INFO] app: 改进版计算结果: 11.62°, 置信度: 0.66 [in E:\ssjsy\flaskProject1\app\utils\analyzer.py:226]
2025-03-16 06:40:56,634 [INFO] app: 优化版分析完成，耗时: 1.499秒 [in E:\ssjsy\flaskProject1\app\utils\analyzer.py:255]
2025-03-16 06:40:56,635 [INFO] app: 使用改进版分析算法处理图像 [in E:\ssjsy\flaskProject1\app\routes.py:244]
2025-03-16 06:41:23,084 [INFO] rehab_manager: 根据Cobb角度 20° 判断侧弯程度: 中度 [in E:\ssjsy\flaskProject1\app\utils\rehab\rehab_manager.py:400]
2025-03-16 06:41:23,085 [ERROR] rehab_manager: 创建康复计划失败: 'variations' [in E:\ssjsy\flaskProject1\app\utils\rehab\rehab_manager.py:432]
2025-03-16 06:41:24,153 [INFO] app: 请求参考姿势轮廓: spine_stretch, base64=True [in E:\ssjsy\flaskProject1\app\routes.py:878]
2025-03-16 06:41:25,399 [INFO] app: 请求参考姿势轮廓: spine_stretch, base64=True [in E:\ssjsy\flaskProject1\app\routes.py:878]
2025-03-16 06:41:25,400 [INFO] app: 请求参考姿势轮廓: side_bend, base64=True [in E:\ssjsy\flaskProject1\app\routes.py:878]
2025-03-16 06:41:25,401 [INFO] app: 请求参考姿势轮廓: schroth_method, base64=True [in E:\ssjsy\flaskProject1\app\routes.py:878]
2025-03-16 07:02:20,983 [INFO] rehab_manager: 康复训练管理器初始化完成 [in e:\ssjsy\flaskProject1\app\utils\rehab\rehab_manager.py:42]
2025-03-16 07:02:20,994 [INFO] pose_detector: 姿势检测器初始化完成 [in e:\ssjsy\flaskProject1\app\models\rehab\pose_detector.py:56]
2025-03-16 07:02:20,995 [INFO] rehab_manager: 康复训练管理器初始化完成 [in e:\ssjsy\flaskProject1\app\utils\rehab\rehab_manager.py:42]
2025-03-16 07:02:20,996 [INFO] rehab_manager: 康复训练管理器初始化完成 [in e:\ssjsy\flaskProject1\app\utils\rehab\rehab_manager.py:42]
2025-03-16 07:02:20,997 [INFO] app: 应用初始化完成，资源预热完毕 [in e:\ssjsy\flaskProject1\app\__init__.py:73]
2025-03-16 07:02:37,881 [INFO] rehab_manager: 康复训练管理器初始化完成 [in e:\ssjsy\flaskProject1\app\utils\rehab\rehab_manager.py:42]
2025-03-16 07:02:37,892 [INFO] pose_detector: 姿势检测器初始化完成 [in e:\ssjsy\flaskProject1\app\models\rehab\pose_detector.py:56]
2025-03-16 07:02:37,893 [INFO] rehab_manager: 康复训练管理器初始化完成 [in e:\ssjsy\flaskProject1\app\utils\rehab\rehab_manager.py:42]
2025-03-16 07:02:37,895 [INFO] rehab_manager: 康复训练管理器初始化完成 [in e:\ssjsy\flaskProject1\app\utils\rehab\rehab_manager.py:42]
2025-03-16 07:02:37,895 [INFO] app: 应用初始化完成，资源预热完毕 [in e:\ssjsy\flaskProject1\app\__init__.py:73]
2025-03-16 07:02:37,917 [WARNING] werkzeug:  * Debugger is active! [in E:\ssjsy\flaskProject1\venv\lib\site-packages\werkzeug\_internal.py:96]
2025-03-16 07:02:44,790 [INFO] pose_detector: 姿势检测器初始化完成 [in e:\ssjsy\flaskProject1\app\models\rehab\pose_detector.py:56]
2025-03-16 07:02:44,790 [INFO] rehab_manager: 康复训练管理器初始化完成 [in e:\ssjsy\flaskProject1\app\utils\rehab\rehab_manager.py:42]
2025-03-16 07:02:44,791 [INFO] rehab_manager: 根据Cobb角度 25° 判断侧弯程度: 中度 [in e:\ssjsy\flaskProject1\app\utils\rehab\rehab_manager.py:400]
2025-03-16 07:02:44,792 [ERROR] rehab_manager: 创建康复计划失败: 'variations' [in e:\ssjsy\flaskProject1\app\utils\rehab\rehab_manager.py:432]
2025-03-16 07:02:45,570 [INFO] app: 请求参考姿势轮廓: spine_stretch, base64=True [in e:\ssjsy\flaskProject1\app\routes.py:1050]
2025-03-16 07:02:47,001 [INFO] app: 请求参考姿势轮廓: spine_stretch, base64=True [in e:\ssjsy\flaskProject1\app\routes.py:1050]
2025-03-16 07:02:47,002 [INFO] app: 请求参考姿势轮廓: side_bend, base64=True [in e:\ssjsy\flaskProject1\app\routes.py:1050]
2025-03-16 07:02:47,004 [INFO] app: 请求参考姿势轮廓: schroth_method, base64=True [in e:\ssjsy\flaskProject1\app\routes.py:1050]
2025-03-16 07:02:56,185 [INFO] rehab_manager: 根据Cobb角度 25° 判断侧弯程度: 中度 [in e:\ssjsy\flaskProject1\app\utils\rehab\rehab_manager.py:400]
2025-03-16 07:02:56,186 [ERROR] rehab_manager: 创建康复计划失败: 'variations' [in e:\ssjsy\flaskProject1\app\utils\rehab\rehab_manager.py:432]
2025-03-16 07:02:56,888 [INFO] app: 请求参考姿势轮廓: spine_stretch, base64=True [in e:\ssjsy\flaskProject1\app\routes.py:1050]
2025-03-16 07:03:01,898 [INFO] rehab_manager: 根据Cobb角度 15° 判断侧弯程度: 轻度 [in e:\ssjsy\flaskProject1\app\utils\rehab\rehab_manager.py:400]
2025-03-16 07:03:01,900 [ERROR] rehab_manager: 创建康复计划失败: 'variations' [in e:\ssjsy\flaskProject1\app\utils\rehab\rehab_manager.py:432]
2025-03-16 07:03:02,935 [INFO] app: 请求参考姿势轮廓: spine_stretch, base64=True [in e:\ssjsy\flaskProject1\app\routes.py:1050]
2025-03-16 07:03:03,871 [INFO] app: 请求参考姿势轮廓: spine_stretch, base64=True [in e:\ssjsy\flaskProject1\app\routes.py:1050]
2025-03-16 07:03:03,871 [INFO] app: 请求参考姿势轮廓: side_bend, base64=True [in e:\ssjsy\flaskProject1\app\routes.py:1050]
2025-03-16 07:03:03,872 [INFO] app: 请求参考姿势轮廓: schroth_method, base64=True [in e:\ssjsy\flaskProject1\app\routes.py:1050]
2025-03-16 07:03:08,778 [INFO] app: 开始训练: session_id=88a070a4-e781-4e11-93d7-9f4d5f694803, exercise_id=demo1 [in e:\ssjsy\flaskProject1\app\routes.py:1583]
2025-03-16 07:03:09,060 [INFO] pose_detector: 姿势检测器初始化完成 [in e:\ssjsy\flaskProject1\app\models\rehab\pose_detector.py:56]
2025-03-16 07:03:16,043 [WARNING] app.utils.decorators: IP 127.0.0.1 请求过快，已达到限制: 15/30秒 [in e:\ssjsy\flaskProject1\app\utils\decorators.py:136]
2025-03-16 07:03:16,204 [WARNING] app.utils.decorators: IP 127.0.0.1 请求过快，已达到限制: 15/30秒 [in e:\ssjsy\flaskProject1\app\utils\decorators.py:136]
2025-03-16 07:03:16,882 [WARNING] app.utils.decorators: IP 127.0.0.1 请求过快，已达到限制: 15/30秒 [in e:\ssjsy\flaskProject1\app\utils\decorators.py:136]
2025-03-16 07:03:17,133 [WARNING] app.utils.decorators: IP 127.0.0.1 请求过快，已达到限制: 15/30秒 [in e:\ssjsy\flaskProject1\app\utils\decorators.py:136]
2025-03-16 07:03:17,300 [WARNING] app.utils.decorators: IP 127.0.0.1 请求过快，已达到限制: 15/30秒 [in e:\ssjsy\flaskProject1\app\utils\decorators.py:136]
2025-03-16 07:03:17,939 [WARNING] app.utils.decorators: IP 127.0.0.1 请求过快，已达到限制: 15/30秒 [in e:\ssjsy\flaskProject1\app\utils\decorators.py:136]
2025-03-16 07:03:30,258 [WARNING] app.utils.decorators: IP 127.0.0.1 请求过快，已达到限制: 15/30秒 [in e:\ssjsy\flaskProject1\app\utils\decorators.py:136]
2025-03-16 07:03:36,183 [WARNING] app.utils.decorators: IP 127.0.0.1 请求过快，已达到限制: 15/30秒 [in e:\ssjsy\flaskProject1\app\utils\decorators.py:136]
2025-03-16 17:32:02,922 [INFO] rehab_manager: 康复训练管理器初始化完成 [in e:\ssjsy\flaskProject1\app\utils\rehab\rehab_manager.py:42]
2025-03-16 17:32:02,933 [INFO] pose_detector: 姿势检测器初始化完成 [in e:\ssjsy\flaskProject1\app\models\rehab\pose_detector.py:66]
2025-03-16 17:32:02,934 [INFO] rehab_manager: 康复训练管理器初始化完成 [in e:\ssjsy\flaskProject1\app\utils\rehab\rehab_manager.py:42]
2025-03-16 17:32:02,936 [INFO] rehab_manager: 康复训练管理器初始化完成 [in e:\ssjsy\flaskProject1\app\utils\rehab\rehab_manager.py:42]
2025-03-16 17:32:02,937 [INFO] app: 应用初始化完成，资源预热完毕 [in e:\ssjsy\flaskProject1\app\__init__.py:73]
2025-03-16 17:32:02,955 [WARNING] werkzeug:  * Debugger is active! [in E:\ssjsy\flaskProject1\venv\lib\site-packages\werkzeug\_internal.py:96]
2025-03-16 17:36:01,363 [INFO] rehab_manager: 康复训练管理器初始化完成 [in e:\ssjsy\flaskProject1\app\utils\rehab\rehab_manager.py:42]
2025-03-16 17:36:01,377 [INFO] pose_detector: 姿势检测器初始化完成 [in e:\ssjsy\flaskProject1\app\models\rehab\pose_detector.py:66]
2025-03-16 17:36:01,378 [INFO] rehab_manager: 康复训练管理器初始化完成 [in e:\ssjsy\flaskProject1\app\utils\rehab\rehab_manager.py:42]
2025-03-16 17:36:01,379 [INFO] rehab_manager: 康复训练管理器初始化完成 [in e:\ssjsy\flaskProject1\app\utils\rehab\rehab_manager.py:42]
2025-03-16 17:36:01,380 [INFO] app: 应用初始化完成，资源预热完毕 [in e:\ssjsy\flaskProject1\app\__init__.py:73]
2025-03-16 17:36:01,397 [WARNING] werkzeug:  * Debugger is active! [in E:\ssjsy\flaskProject1\venv\lib\site-packages\werkzeug\_internal.py:96]
2025-03-16 17:36:51,837 [INFO] rehab_manager: 康复训练管理器初始化完成 [in e:\ssjsy\flaskProject1\app\utils\rehab\rehab_manager.py:42]
2025-03-16 17:36:51,849 [INFO] pose_detector: 姿势检测器初始化完成 [in e:\ssjsy\flaskProject1\app\models\rehab\pose_detector.py:66]
2025-03-16 17:36:51,849 [INFO] rehab_manager: 康复训练管理器初始化完成 [in e:\ssjsy\flaskProject1\app\utils\rehab\rehab_manager.py:42]
2025-03-16 17:36:51,851 [INFO] rehab_manager: 康复训练管理器初始化完成 [in e:\ssjsy\flaskProject1\app\utils\rehab\rehab_manager.py:42]
2025-03-16 17:36:51,851 [INFO] app: 应用初始化完成，资源预热完毕 [in e:\ssjsy\flaskProject1\app\__init__.py:73]
2025-03-16 17:36:51,870 [WARNING] werkzeug:  * Debugger is active! [in E:\ssjsy\flaskProject1\venv\lib\site-packages\werkzeug\_internal.py:96]
2025-03-16 17:44:41,656 [INFO] rehab_manager: 康复训练管理器初始化完成 [in e:\ssjsy\flaskProject1\app\utils\rehab\rehab_manager.py:42]
2025-03-16 17:44:41,668 [INFO] pose_detector: 姿势检测器初始化完成 [in e:\ssjsy\flaskProject1\app\models\rehab\pose_detector.py:66]
2025-03-16 17:44:41,669 [INFO] rehab_manager: 康复训练管理器初始化完成 [in e:\ssjsy\flaskProject1\app\utils\rehab\rehab_manager.py:42]
2025-03-16 17:44:41,670 [INFO] rehab_manager: 康复训练管理器初始化完成 [in e:\ssjsy\flaskProject1\app\utils\rehab\rehab_manager.py:42]
2025-03-16 17:44:41,671 [INFO] app: 应用初始化完成，资源预热完毕 [in e:\ssjsy\flaskProject1\app\__init__.py:73]
2025-03-16 17:44:41,689 [WARNING] werkzeug:  * Debugger is active! [in E:\ssjsy\flaskProject1\venv\lib\site-packages\werkzeug\_internal.py:96]
2025-03-16 17:45:04,757 [INFO] rehab_manager: 康复训练管理器初始化完成 [in e:\ssjsy\flaskProject1\app\utils\rehab\rehab_manager.py:42]
2025-03-16 17:45:04,768 [INFO] pose_detector: 姿势检测器初始化完成 [in e:\ssjsy\flaskProject1\app\models\rehab\pose_detector.py:66]
2025-03-16 17:45:04,768 [INFO] rehab_manager: 康复训练管理器初始化完成 [in e:\ssjsy\flaskProject1\app\utils\rehab\rehab_manager.py:42]
2025-03-16 17:45:04,770 [INFO] rehab_manager: 康复训练管理器初始化完成 [in e:\ssjsy\flaskProject1\app\utils\rehab\rehab_manager.py:42]
2025-03-16 17:45:04,771 [INFO] app: 应用初始化完成，资源预热完毕 [in e:\ssjsy\flaskProject1\app\__init__.py:73]
2025-03-16 17:45:04,790 [WARNING] werkzeug:  * Debugger is active! [in E:\ssjsy\flaskProject1\venv\lib\site-packages\werkzeug\_internal.py:96]
2025-03-16 17:45:53,016 [INFO] pose_detector: 姿势检测器初始化完成 [in e:\ssjsy\flaskProject1\app\models\rehab\pose_detector.py:66]
2025-03-16 17:45:53,017 [INFO] rehab_manager: 康复训练管理器初始化完成 [in e:\ssjsy\flaskProject1\app\utils\rehab\rehab_manager.py:42]
2025-03-16 17:46:12,866 [INFO] rehab_manager: 根据Cobb角度 15° 判断侧弯程度: 轻度 [in e:\ssjsy\flaskProject1\app\utils\rehab\rehab_manager.py:400]
2025-03-16 17:46:12,867 [ERROR] rehab_manager: 创建康复计划失败: 'variations' [in e:\ssjsy\flaskProject1\app\utils\rehab\rehab_manager.py:432]
2025-03-16 17:46:13,070 [INFO] app: 请求参考姿势轮廓: spine_stretch, base64=True [in e:\ssjsy\flaskProject1\app\routes.py:1050]
2025-03-16 17:46:14,385 [INFO] app: 请求参考姿势轮廓: side_bend, base64=True [in e:\ssjsy\flaskProject1\app\routes.py:1050]
2025-03-16 17:46:14,385 [INFO] app: 请求参考姿势轮廓: spine_stretch, base64=True [in e:\ssjsy\flaskProject1\app\routes.py:1050]
2025-03-16 17:46:14,386 [INFO] app: 请求参考姿势轮廓: schroth_method, base64=True [in e:\ssjsy\flaskProject1\app\routes.py:1050]
2025-03-16 17:46:24,969 [INFO] pose_detector: 姿势检测器初始化完成 [in e:\ssjsy\flaskProject1\app\models\rehab\pose_detector.py:66]
2025-03-16 17:46:25,683 [ERROR] pose_detector: 姿势检测出错：EnumMeta.__call__() missing 1 required positional argument: 'value'
Traceback (most recent call last):
  File "e:\ssjsy\flaskProject1\app\models\rehab\pose_detector.py", line 211, in detect_pose
    smoothed_landmarks = self._smooth_landmarks(results.pose_landmarks)
  File "e:\ssjsy\flaskProject1\app\models\rehab\pose_detector.py", line 239, in _smooth_landmarks
    smoothed = self.mp_pose.PoseLandmark()
TypeError: EnumMeta.__call__() missing 1 required positional argument: 'value'
 [in e:\ssjsy\flaskProject1\app\models\rehab\pose_detector.py:222]
2025-03-16 17:46:25,685 [WARNING] app: 未检测到关键点 [in e:\ssjsy\flaskProject1\app\routes.py:294]
2025-03-16 17:46:25,686 [ERROR] app.utils.decorators: API错误 #1742118385: name 'PoseStatus' is not defined
Traceback (most recent call last):
  File "e:\ssjsy\flaskProject1\app\utils\decorators.py", line 32, in decorated_function
    result = f(*args, **kwargs)
  File "e:\ssjsy\flaskProject1\app\utils\decorators.py", line 146, in decorated_function
    return f(*args, **kwargs)
  File "e:\ssjsy\flaskProject1\app\routes.py", line 295, in detect_pose
    status = PoseStatus.NOT_DETECTED
NameError: name 'PoseStatus' is not defined
 [in e:\ssjsy\flaskProject1\app\utils\decorators.py:68]
2025-03-16 17:46:26,158 [ERROR] pose_detector: 姿势检测出错：EnumMeta.__call__() missing 1 required positional argument: 'value'
Traceback (most recent call last):
  File "e:\ssjsy\flaskProject1\app\models\rehab\pose_detector.py", line 211, in detect_pose
    smoothed_landmarks = self._smooth_landmarks(results.pose_landmarks)
  File "e:\ssjsy\flaskProject1\app\models\rehab\pose_detector.py", line 239, in _smooth_landmarks
    smoothed = self.mp_pose.PoseLandmark()
TypeError: EnumMeta.__call__() missing 1 required positional argument: 'value'
 [in e:\ssjsy\flaskProject1\app\models\rehab\pose_detector.py:222]
2025-03-16 17:46:26,160 [WARNING] app: 未检测到关键点 [in e:\ssjsy\flaskProject1\app\routes.py:294]
2025-03-16 17:46:26,161 [ERROR] app.utils.decorators: API错误 #1742118386: name 'PoseStatus' is not defined
Traceback (most recent call last):
  File "e:\ssjsy\flaskProject1\app\utils\decorators.py", line 32, in decorated_function
    result = f(*args, **kwargs)
  File "e:\ssjsy\flaskProject1\app\utils\decorators.py", line 146, in decorated_function
    return f(*args, **kwargs)
  File "e:\ssjsy\flaskProject1\app\routes.py", line 295, in detect_pose
    status = PoseStatus.NOT_DETECTED
NameError: name 'PoseStatus' is not defined
 [in e:\ssjsy\flaskProject1\app\utils\decorators.py:68]
2025-03-16 17:46:26,623 [ERROR] pose_detector: 姿势检测出错：EnumMeta.__call__() missing 1 required positional argument: 'value'
Traceback (most recent call last):
  File "e:\ssjsy\flaskProject1\app\models\rehab\pose_detector.py", line 211, in detect_pose
    smoothed_landmarks = self._smooth_landmarks(results.pose_landmarks)
  File "e:\ssjsy\flaskProject1\app\models\rehab\pose_detector.py", line 239, in _smooth_landmarks
    smoothed = self.mp_pose.PoseLandmark()
TypeError: EnumMeta.__call__() missing 1 required positional argument: 'value'
 [in e:\ssjsy\flaskProject1\app\models\rehab\pose_detector.py:222]
2025-03-16 17:46:26,625 [WARNING] app: 未检测到关键点 [in e:\ssjsy\flaskProject1\app\routes.py:294]
2025-03-16 17:46:26,626 [ERROR] app.utils.decorators: API错误 #1742118386: name 'PoseStatus' is not defined
Traceback (most recent call last):
  File "e:\ssjsy\flaskProject1\app\utils\decorators.py", line 32, in decorated_function
    result = f(*args, **kwargs)
  File "e:\ssjsy\flaskProject1\app\utils\decorators.py", line 146, in decorated_function
    return f(*args, **kwargs)
  File "e:\ssjsy\flaskProject1\app\routes.py", line 295, in detect_pose
    status = PoseStatus.NOT_DETECTED
NameError: name 'PoseStatus' is not defined
 [in e:\ssjsy\flaskProject1\app\utils\decorators.py:68]
2025-03-16 17:46:27,116 [ERROR] pose_detector: 姿势检测出错：EnumMeta.__call__() missing 1 required positional argument: 'value'
Traceback (most recent call last):
  File "e:\ssjsy\flaskProject1\app\models\rehab\pose_detector.py", line 211, in detect_pose
    smoothed_landmarks = self._smooth_landmarks(results.pose_landmarks)
  File "e:\ssjsy\flaskProject1\app\models\rehab\pose_detector.py", line 239, in _smooth_landmarks
    smoothed = self.mp_pose.PoseLandmark()
TypeError: EnumMeta.__call__() missing 1 required positional argument: 'value'
 [in e:\ssjsy\flaskProject1\app\models\rehab\pose_detector.py:222]
2025-03-16 17:46:27,119 [WARNING] app: 未检测到关键点 [in e:\ssjsy\flaskProject1\app\routes.py:294]
2025-03-16 17:46:27,119 [ERROR] app.utils.decorators: API错误 #1742118387: name 'PoseStatus' is not defined
Traceback (most recent call last):
  File "e:\ssjsy\flaskProject1\app\utils\decorators.py", line 32, in decorated_function
    result = f(*args, **kwargs)
  File "e:\ssjsy\flaskProject1\app\utils\decorators.py", line 146, in decorated_function
    return f(*args, **kwargs)
  File "e:\ssjsy\flaskProject1\app\routes.py", line 295, in detect_pose
    status = PoseStatus.NOT_DETECTED
NameError: name 'PoseStatus' is not defined
 [in e:\ssjsy\flaskProject1\app\utils\decorators.py:68]
2025-03-16 17:46:27,603 [ERROR] pose_detector: 姿势检测出错：EnumMeta.__call__() missing 1 required positional argument: 'value'
Traceback (most recent call last):
  File "e:\ssjsy\flaskProject1\app\models\rehab\pose_detector.py", line 211, in detect_pose
    smoothed_landmarks = self._smooth_landmarks(results.pose_landmarks)
  File "e:\ssjsy\flaskProject1\app\models\rehab\pose_detector.py", line 239, in _smooth_landmarks
    smoothed = self.mp_pose.PoseLandmark()
TypeError: EnumMeta.__call__() missing 1 required positional argument: 'value'
 [in e:\ssjsy\flaskProject1\app\models\rehab\pose_detector.py:222]
2025-03-16 17:46:27,605 [WARNING] app: 未检测到关键点 [in e:\ssjsy\flaskProject1\app\routes.py:294]
2025-03-16 17:46:27,605 [ERROR] app.utils.decorators: API错误 #1742118387: name 'PoseStatus' is not defined
Traceback (most recent call last):
  File "e:\ssjsy\flaskProject1\app\utils\decorators.py", line 32, in decorated_function
    result = f(*args, **kwargs)
  File "e:\ssjsy\flaskProject1\app\utils\decorators.py", line 146, in decorated_function
    return f(*args, **kwargs)
  File "e:\ssjsy\flaskProject1\app\routes.py", line 295, in detect_pose
    status = PoseStatus.NOT_DETECTED
NameError: name 'PoseStatus' is not defined
 [in e:\ssjsy\flaskProject1\app\utils\decorators.py:68]
2025-03-16 17:46:28,074 [ERROR] pose_detector: 姿势检测出错：EnumMeta.__call__() missing 1 required positional argument: 'value'
Traceback (most recent call last):
  File "e:\ssjsy\flaskProject1\app\models\rehab\pose_detector.py", line 211, in detect_pose
    smoothed_landmarks = self._smooth_landmarks(results.pose_landmarks)
  File "e:\ssjsy\flaskProject1\app\models\rehab\pose_detector.py", line 239, in _smooth_landmarks
    smoothed = self.mp_pose.PoseLandmark()
TypeError: EnumMeta.__call__() missing 1 required positional argument: 'value'
 [in e:\ssjsy\flaskProject1\app\models\rehab\pose_detector.py:222]
2025-03-16 17:46:28,076 [WARNING] app: 未检测到关键点 [in e:\ssjsy\flaskProject1\app\routes.py:294]
2025-03-16 17:46:28,077 [ERROR] app.utils.decorators: API错误 #1742118388: name 'PoseStatus' is not defined
Traceback (most recent call last):
  File "e:\ssjsy\flaskProject1\app\utils\decorators.py", line 32, in decorated_function
    result = f(*args, **kwargs)
  File "e:\ssjsy\flaskProject1\app\utils\decorators.py", line 146, in decorated_function
    return f(*args, **kwargs)
  File "e:\ssjsy\flaskProject1\app\routes.py", line 295, in detect_pose
    status = PoseStatus.NOT_DETECTED
NameError: name 'PoseStatus' is not defined
 [in e:\ssjsy\flaskProject1\app\utils\decorators.py:68]
2025-03-16 17:48:40,239 [INFO] rehab_manager: 康复训练管理器初始化完成 [in e:\ssjsy\flaskProject1\app\utils\rehab\rehab_manager.py:42]
2025-03-16 17:48:40,250 [INFO] pose_detector: 姿势检测器初始化完成 [in e:\ssjsy\flaskProject1\app\models\rehab\pose_detector.py:66]
2025-03-16 17:48:40,251 [INFO] rehab_manager: 康复训练管理器初始化完成 [in e:\ssjsy\flaskProject1\app\utils\rehab\rehab_manager.py:42]
2025-03-16 17:48:40,253 [INFO] rehab_manager: 康复训练管理器初始化完成 [in e:\ssjsy\flaskProject1\app\utils\rehab\rehab_manager.py:42]
2025-03-16 17:48:40,253 [INFO] app: 应用初始化完成，资源预热完毕 [in e:\ssjsy\flaskProject1\app\__init__.py:73]
2025-03-16 17:48:40,271 [WARNING] werkzeug:  * Debugger is active! [in E:\ssjsy\flaskProject1\venv\lib\site-packages\werkzeug\_internal.py:96]
2025-03-16 17:49:00,346 [INFO] rehab_manager: 康复训练管理器初始化完成 [in e:\ssjsy\flaskProject1\app\utils\rehab\rehab_manager.py:42]
2025-03-16 17:49:00,358 [INFO] pose_detector: 姿势检测器初始化完成 [in e:\ssjsy\flaskProject1\app\models\rehab\pose_detector.py:66]
2025-03-16 17:49:00,359 [INFO] rehab_manager: 康复训练管理器初始化完成 [in e:\ssjsy\flaskProject1\app\utils\rehab\rehab_manager.py:42]
2025-03-16 17:49:00,361 [INFO] rehab_manager: 康复训练管理器初始化完成 [in e:\ssjsy\flaskProject1\app\utils\rehab\rehab_manager.py:42]
2025-03-16 17:49:00,362 [INFO] app: 应用初始化完成，资源预热完毕 [in e:\ssjsy\flaskProject1\app\__init__.py:73]
2025-03-16 17:49:00,378 [WARNING] werkzeug:  * Debugger is active! [in E:\ssjsy\flaskProject1\venv\lib\site-packages\werkzeug\_internal.py:96]
2025-03-16 17:49:11,278 [INFO] rehab_manager: 康复训练管理器初始化完成 [in e:\ssjsy\flaskProject1\app\utils\rehab\rehab_manager.py:42]
2025-03-16 17:49:11,290 [INFO] pose_detector: 姿势检测器初始化完成 [in e:\ssjsy\flaskProject1\app\models\rehab\pose_detector.py:67]
2025-03-16 17:49:11,291 [INFO] rehab_manager: 康复训练管理器初始化完成 [in e:\ssjsy\flaskProject1\app\utils\rehab\rehab_manager.py:42]
2025-03-16 17:49:11,292 [INFO] rehab_manager: 康复训练管理器初始化完成 [in e:\ssjsy\flaskProject1\app\utils\rehab\rehab_manager.py:42]
2025-03-16 17:49:11,292 [INFO] app: 应用初始化完成，资源预热完毕 [in e:\ssjsy\flaskProject1\app\__init__.py:73]
2025-03-16 17:49:11,310 [WARNING] werkzeug:  * Debugger is active! [in E:\ssjsy\flaskProject1\venv\lib\site-packages\werkzeug\_internal.py:96]
2025-03-16 17:49:22,072 [INFO] rehab_manager: 康复训练管理器初始化完成 [in e:\ssjsy\flaskProject1\app\utils\rehab\rehab_manager.py:42]
2025-03-16 17:49:22,083 [INFO] pose_detector: 姿势检测器初始化完成 [in e:\ssjsy\flaskProject1\app\models\rehab\pose_detector.py:67]
2025-03-16 17:49:22,084 [INFO] rehab_manager: 康复训练管理器初始化完成 [in e:\ssjsy\flaskProject1\app\utils\rehab\rehab_manager.py:42]
2025-03-16 17:49:22,085 [INFO] rehab_manager: 康复训练管理器初始化完成 [in e:\ssjsy\flaskProject1\app\utils\rehab\rehab_manager.py:42]
2025-03-16 17:49:22,086 [INFO] app: 应用初始化完成，资源预热完毕 [in e:\ssjsy\flaskProject1\app\__init__.py:73]
2025-03-16 17:49:22,104 [WARNING] werkzeug:  * Debugger is active! [in E:\ssjsy\flaskProject1\venv\lib\site-packages\werkzeug\_internal.py:96]
2025-03-16 17:50:57,384 [INFO] rehab_manager: 康复训练管理器初始化完成 [in e:\ssjsy\flaskProject1\app\utils\rehab\rehab_manager.py:42]
2025-03-16 17:50:57,395 [INFO] pose_detector: 姿势检测器初始化完成 [in e:\ssjsy\flaskProject1\app\models\rehab\pose_detector.py:67]
2025-03-16 17:50:57,396 [INFO] rehab_manager: 康复训练管理器初始化完成 [in e:\ssjsy\flaskProject1\app\utils\rehab\rehab_manager.py:42]
2025-03-16 17:50:57,398 [INFO] rehab_manager: 康复训练管理器初始化完成 [in e:\ssjsy\flaskProject1\app\utils\rehab\rehab_manager.py:42]
2025-03-16 17:50:57,398 [INFO] app: 应用初始化完成，资源预热完毕 [in e:\ssjsy\flaskProject1\app\__init__.py:73]
2025-03-16 17:51:14,310 [INFO] rehab_manager: 康复训练管理器初始化完成 [in e:\ssjsy\flaskProject1\app\utils\rehab\rehab_manager.py:42]
2025-03-16 17:51:14,321 [INFO] pose_detector: 姿势检测器初始化完成 [in e:\ssjsy\flaskProject1\app\models\rehab\pose_detector.py:67]
2025-03-16 17:51:14,321 [INFO] rehab_manager: 康复训练管理器初始化完成 [in e:\ssjsy\flaskProject1\app\utils\rehab\rehab_manager.py:42]
2025-03-16 17:51:14,323 [INFO] rehab_manager: 康复训练管理器初始化完成 [in e:\ssjsy\flaskProject1\app\utils\rehab\rehab_manager.py:42]
2025-03-16 17:51:14,323 [INFO] app: 应用初始化完成，资源预热完毕 [in e:\ssjsy\flaskProject1\app\__init__.py:73]
2025-03-16 17:51:14,346 [WARNING] werkzeug:  * Debugger is active! [in E:\ssjsy\flaskProject1\venv\lib\site-packages\werkzeug\_internal.py:96]
2025-03-16 17:51:25,390 [INFO] pose_detector: 姿势检测器初始化完成 [in e:\ssjsy\flaskProject1\app\models\rehab\pose_detector.py:67]
2025-03-16 17:51:25,390 [INFO] rehab_manager: 康复训练管理器初始化完成 [in e:\ssjsy\flaskProject1\app\utils\rehab\rehab_manager.py:42]
2025-03-16 17:51:25,391 [INFO] rehab_manager: 根据Cobb角度 15° 判断侧弯程度: 轻度 [in e:\ssjsy\flaskProject1\app\utils\rehab\rehab_manager.py:400]
2025-03-16 17:51:25,393 [ERROR] rehab_manager: 创建康复计划失败: 'variations' [in e:\ssjsy\flaskProject1\app\utils\rehab\rehab_manager.py:432]
2025-03-16 17:51:25,621 [INFO] app: 请求参考姿势轮廓: spine_stretch, base64=True [in e:\ssjsy\flaskProject1\app\routes.py:1050]
2025-03-16 17:51:26,902 [INFO] app: 请求参考姿势轮廓: spine_stretch, base64=True [in e:\ssjsy\flaskProject1\app\routes.py:1050]
2025-03-16 17:51:26,904 [INFO] app: 请求参考姿势轮廓: side_bend, base64=True [in e:\ssjsy\flaskProject1\app\routes.py:1050]
2025-03-16 17:51:26,905 [INFO] app: 请求参考姿势轮廓: schroth_method, base64=True [in e:\ssjsy\flaskProject1\app\routes.py:1050]
2025-03-16 17:51:31,450 [INFO] pose_detector: 姿势检测器初始化完成 [in e:\ssjsy\flaskProject1\app\models\rehab\pose_detector.py:67]
2025-03-16 17:51:37,630 [WARNING] app.utils.decorators: IP 127.0.0.1 请求过快，已达到限制: 15/30秒 [in e:\ssjsy\flaskProject1\app\utils\decorators.py:136]
2025-03-16 17:51:37,928 [WARNING] app.utils.decorators: IP 127.0.0.1 请求过快，已达到限制: 15/30秒 [in e:\ssjsy\flaskProject1\app\utils\decorators.py:136]
2025-03-16 17:51:38,229 [WARNING] app.utils.decorators: IP 127.0.0.1 请求过快，已达到限制: 15/30秒 [in e:\ssjsy\flaskProject1\app\utils\decorators.py:136]
2025-03-16 17:51:38,531 [WARNING] app.utils.decorators: IP 127.0.0.1 请求过快，已达到限制: 15/30秒 [in e:\ssjsy\flaskProject1\app\utils\decorators.py:136]
2025-03-16 17:51:38,829 [WARNING] app.utils.decorators: IP 127.0.0.1 请求过快，已达到限制: 15/30秒 [in e:\ssjsy\flaskProject1\app\utils\decorators.py:136]
2025-03-16 17:51:39,129 [WARNING] app.utils.decorators: IP 127.0.0.1 请求过快，已达到限制: 15/30秒 [in e:\ssjsy\flaskProject1\app\utils\decorators.py:136]
2025-03-16 17:55:33,398 [INFO] rehab_manager: 康复训练管理器初始化完成 [in e:\ssjsy\flaskProject1\app\utils\rehab\rehab_manager.py:42]
2025-03-16 17:55:33,409 [INFO] pose_detector: 姿势检测器初始化完成 [in e:\ssjsy\flaskProject1\app\models\rehab\pose_detector.py:67]
2025-03-16 17:55:33,411 [INFO] rehab_manager: 康复训练管理器初始化完成 [in e:\ssjsy\flaskProject1\app\utils\rehab\rehab_manager.py:42]
2025-03-16 17:55:33,413 [INFO] rehab_manager: 康复训练管理器初始化完成 [in e:\ssjsy\flaskProject1\app\utils\rehab\rehab_manager.py:42]
2025-03-16 17:55:33,414 [INFO] app: 应用初始化完成，资源预热完毕 [in e:\ssjsy\flaskProject1\app\__init__.py:73]
2025-03-16 17:55:33,433 [WARNING] werkzeug:  * Debugger is active! [in E:\ssjsy\flaskProject1\venv\lib\site-packages\werkzeug\_internal.py:96]
2025-03-16 17:56:23,191 [INFO] rehab_manager: 康复训练管理器初始化完成 [in e:\ssjsy\flaskProject1\app\utils\rehab\rehab_manager.py:42]
2025-03-16 17:56:23,203 [INFO] pose_detector: 姿势检测器初始化完成 [in e:\ssjsy\flaskProject1\app\models\rehab\pose_detector.py:67]
2025-03-16 17:56:23,203 [INFO] rehab_manager: 康复训练管理器初始化完成 [in e:\ssjsy\flaskProject1\app\utils\rehab\rehab_manager.py:42]
2025-03-16 17:56:23,204 [INFO] rehab_manager: 康复训练管理器初始化完成 [in e:\ssjsy\flaskProject1\app\utils\rehab\rehab_manager.py:42]
2025-03-16 17:56:23,205 [INFO] app: 应用初始化完成，资源预热完毕 [in e:\ssjsy\flaskProject1\app\__init__.py:73]
2025-03-16 17:56:23,223 [WARNING] werkzeug:  * Debugger is active! [in E:\ssjsy\flaskProject1\venv\lib\site-packages\werkzeug\_internal.py:96]
2025-03-16 17:56:31,505 [INFO] rehab_manager: 康复训练管理器初始化完成 [in e:\ssjsy\flaskProject1\app\utils\rehab\rehab_manager.py:42]
2025-03-16 17:56:31,517 [INFO] pose_detector: 姿势检测器初始化完成 [in e:\ssjsy\flaskProject1\app\models\rehab\pose_detector.py:67]
2025-03-16 17:56:31,518 [INFO] rehab_manager: 康复训练管理器初始化完成 [in e:\ssjsy\flaskProject1\app\utils\rehab\rehab_manager.py:42]
2025-03-16 17:56:31,520 [INFO] rehab_manager: 康复训练管理器初始化完成 [in e:\ssjsy\flaskProject1\app\utils\rehab\rehab_manager.py:42]
2025-03-16 17:56:31,520 [INFO] app: 应用初始化完成，资源预热完毕 [in e:\ssjsy\flaskProject1\app\__init__.py:73]
2025-03-16 17:56:31,542 [WARNING] werkzeug:  * Debugger is active! [in E:\ssjsy\flaskProject1\venv\lib\site-packages\werkzeug\_internal.py:96]
2025-03-16 17:56:41,311 [INFO] rehab_manager: 康复训练管理器初始化完成 [in e:\ssjsy\flaskProject1\app\utils\rehab\rehab_manager.py:42]
2025-03-16 17:56:41,321 [INFO] pose_detector: 姿势检测器初始化完成 [in e:\ssjsy\flaskProject1\app\models\rehab\pose_detector.py:67]
2025-03-16 17:56:41,323 [INFO] rehab_manager: 康复训练管理器初始化完成 [in e:\ssjsy\flaskProject1\app\utils\rehab\rehab_manager.py:42]
2025-03-16 17:56:41,324 [INFO] rehab_manager: 康复训练管理器初始化完成 [in e:\ssjsy\flaskProject1\app\utils\rehab\rehab_manager.py:42]
2025-03-16 17:56:41,325 [INFO] app: 应用初始化完成，资源预热完毕 [in e:\ssjsy\flaskProject1\app\__init__.py:73]
2025-03-16 17:56:41,347 [WARNING] werkzeug:  * Debugger is active! [in E:\ssjsy\flaskProject1\venv\lib\site-packages\werkzeug\_internal.py:96]
2025-03-16 17:57:41,514 [INFO] rehab_manager: 康复训练管理器初始化完成 [in e:\ssjsy\flaskProject1\app\utils\rehab\rehab_manager.py:42]
2025-03-16 17:57:41,527 [INFO] pose_detector: 姿势检测器初始化完成 [in e:\ssjsy\flaskProject1\app\models\rehab\pose_detector.py:67]
2025-03-16 17:57:41,528 [INFO] rehab_manager: 康复训练管理器初始化完成 [in e:\ssjsy\flaskProject1\app\utils\rehab\rehab_manager.py:42]
2025-03-16 17:57:41,529 [INFO] rehab_manager: 康复训练管理器初始化完成 [in e:\ssjsy\flaskProject1\app\utils\rehab\rehab_manager.py:42]
2025-03-16 17:57:41,530 [INFO] app: 应用初始化完成，资源预热完毕 [in e:\ssjsy\flaskProject1\app\__init__.py:73]
2025-03-16 17:57:41,549 [WARNING] werkzeug:  * Debugger is active! [in E:\ssjsy\flaskProject1\venv\lib\site-packages\werkzeug\_internal.py:96]
2025-03-16 17:57:51,273 [INFO] rehab_manager: 康复训练管理器初始化完成 [in e:\ssjsy\flaskProject1\app\utils\rehab\rehab_manager.py:42]
2025-03-16 17:57:51,284 [INFO] pose_detector: 姿势检测器初始化完成 [in e:\ssjsy\flaskProject1\app\models\rehab\pose_detector.py:67]
2025-03-16 17:57:51,285 [INFO] rehab_manager: 康复训练管理器初始化完成 [in e:\ssjsy\flaskProject1\app\utils\rehab\rehab_manager.py:42]
2025-03-16 17:57:51,286 [INFO] rehab_manager: 康复训练管理器初始化完成 [in e:\ssjsy\flaskProject1\app\utils\rehab\rehab_manager.py:42]
2025-03-16 17:57:51,287 [INFO] app: 应用初始化完成，资源预热完毕 [in e:\ssjsy\flaskProject1\app\__init__.py:73]
2025-03-16 17:57:51,305 [WARNING] werkzeug:  * Debugger is active! [in E:\ssjsy\flaskProject1\venv\lib\site-packages\werkzeug\_internal.py:96]
2025-03-16 18:03:18,872 [INFO] rehab_manager: 康复训练管理器初始化完成 [in E:\ssjsy\flaskProject1\app\utils\rehab\rehab_manager.py:42]
2025-03-16 18:03:18,883 [INFO] pose_detector: 姿势检测器初始化完成 [in E:\ssjsy\flaskProject1\app\models\rehab\pose_detector.py:67]
2025-03-16 18:03:18,884 [INFO] rehab_manager: 康复训练管理器初始化完成 [in E:\ssjsy\flaskProject1\app\utils\rehab\rehab_manager.py:42]
2025-03-16 18:03:18,886 [INFO] rehab_manager: 康复训练管理器初始化完成 [in E:\ssjsy\flaskProject1\app\utils\rehab\rehab_manager.py:42]
2025-03-16 18:03:18,886 [INFO] app: 应用初始化完成，资源预热完毕 [in E:\ssjsy\flaskProject1\app\__init__.py:73]
2025-03-16 18:03:35,799 [INFO] rehab_manager: 康复训练管理器初始化完成 [in E:\ssjsy\flaskProject1\app\utils\rehab\rehab_manager.py:42]
2025-03-16 18:03:35,810 [INFO] pose_detector: 姿势检测器初始化完成 [in E:\ssjsy\flaskProject1\app\models\rehab\pose_detector.py:67]
2025-03-16 18:03:35,812 [INFO] rehab_manager: 康复训练管理器初始化完成 [in E:\ssjsy\flaskProject1\app\utils\rehab\rehab_manager.py:42]
2025-03-16 18:03:35,813 [INFO] rehab_manager: 康复训练管理器初始化完成 [in E:\ssjsy\flaskProject1\app\utils\rehab\rehab_manager.py:42]
2025-03-16 18:03:35,814 [INFO] app: 应用初始化完成，资源预热完毕 [in E:\ssjsy\flaskProject1\app\__init__.py:73]
2025-03-16 18:03:35,830 [WARNING] werkzeug:  * Debugger is active! [in E:\ssjsy\flaskProject1\venv\lib\site-packages\werkzeug\_internal.py:96]
2025-03-16 18:04:03,965 [INFO] pose_detector: 姿势检测器初始化完成 [in E:\ssjsy\flaskProject1\app\models\rehab\pose_detector.py:67]
2025-03-16 18:04:03,966 [INFO] rehab_manager: 康复训练管理器初始化完成 [in E:\ssjsy\flaskProject1\app\utils\rehab\rehab_manager.py:42]
2025-03-16 18:04:07,611 [INFO] rehab_manager: 根据Cobb角度 15° 判断侧弯程度: 轻度 [in E:\ssjsy\flaskProject1\app\utils\rehab\rehab_manager.py:400]
2025-03-16 18:04:07,613 [ERROR] rehab_manager: 创建康复计划失败: 'variations' [in E:\ssjsy\flaskProject1\app\utils\rehab\rehab_manager.py:432]
2025-03-16 18:04:07,717 [INFO] app: 请求参考姿势轮廓: spine_stretch, base64=True [in E:\ssjsy\flaskProject1\app\routes.py:1051]
2025-03-16 18:04:08,278 [INFO] app: 请求参考姿势轮廓: spine_stretch, base64=True [in E:\ssjsy\flaskProject1\app\routes.py:1051]
2025-03-16 18:04:08,279 [INFO] app: 请求参考姿势轮廓: side_bend, base64=True [in E:\ssjsy\flaskProject1\app\routes.py:1051]
2025-03-16 18:04:08,282 [INFO] app: 请求参考姿势轮廓: schroth_method, base64=True [in E:\ssjsy\flaskProject1\app\routes.py:1051]
2025-03-16 18:04:13,638 [INFO] pose_detector: 姿势检测器初始化完成 [in E:\ssjsy\flaskProject1\app\models\rehab\pose_detector.py:67]
2025-03-16 18:04:19,860 [WARNING] app.utils.decorators: IP 127.0.0.1 请求过快，已达到限制: 15/30秒 [in E:\ssjsy\flaskProject1\app\utils\decorators.py:136]
2025-03-16 18:04:20,225 [WARNING] app.utils.decorators: IP 127.0.0.1 请求过快，已达到限制: 15/30秒 [in E:\ssjsy\flaskProject1\app\utils\decorators.py:136]
2025-03-16 18:04:20,475 [WARNING] app.utils.decorators: IP 127.0.0.1 请求过快，已达到限制: 15/30秒 [in E:\ssjsy\flaskProject1\app\utils\decorators.py:136]
2025-03-16 18:04:20,764 [WARNING] app.utils.decorators: IP 127.0.0.1 请求过快，已达到限制: 15/30秒 [in E:\ssjsy\flaskProject1\app\utils\decorators.py:136]
2025-03-16 18:04:21,075 [WARNING] app.utils.decorators: IP 127.0.0.1 请求过快，已达到限制: 15/30秒 [in E:\ssjsy\flaskProject1\app\utils\decorators.py:136]
2025-03-16 18:04:21,377 [WARNING] app.utils.decorators: IP 127.0.0.1 请求过快，已达到限制: 15/30秒 [in E:\ssjsy\flaskProject1\app\utils\decorators.py:136]
2025-03-16 18:10:47,467 [INFO] rehab_manager: 康复训练管理器初始化完成 [in E:\ssjsy\flaskProject1\app\utils\rehab\rehab_manager.py:42]
2025-03-16 18:10:47,482 [INFO] pose_detector: 姿势检测器初始化完成 [in E:\ssjsy\flaskProject1\app\models\rehab\pose_detector.py:67]
2025-03-16 18:10:47,483 [INFO] rehab_manager: 康复训练管理器初始化完成 [in E:\ssjsy\flaskProject1\app\utils\rehab\rehab_manager.py:42]
2025-03-16 18:10:47,484 [INFO] rehab_manager: 康复训练管理器初始化完成 [in E:\ssjsy\flaskProject1\app\utils\rehab\rehab_manager.py:42]
2025-03-16 18:10:47,485 [INFO] app: 应用初始化完成，资源预热完毕 [in E:\ssjsy\flaskProject1\app\__init__.py:73]
2025-03-16 18:10:47,506 [WARNING] werkzeug:  * Debugger is active! [in E:\ssjsy\flaskProject1\venv\lib\site-packages\werkzeug\_internal.py:96]
2025-03-16 18:11:06,156 [INFO] rehab_manager: 康复训练管理器初始化完成 [in E:\ssjsy\flaskProject1\app\utils\rehab\rehab_manager.py:42]
2025-03-16 18:11:06,170 [INFO] pose_detector: 姿势检测器初始化完成 [in E:\ssjsy\flaskProject1\app\models\rehab\pose_detector.py:67]
2025-03-16 18:11:06,170 [INFO] rehab_manager: 康复训练管理器初始化完成 [in E:\ssjsy\flaskProject1\app\utils\rehab\rehab_manager.py:42]
2025-03-16 18:11:06,172 [INFO] rehab_manager: 康复训练管理器初始化完成 [in E:\ssjsy\flaskProject1\app\utils\rehab\rehab_manager.py:42]
2025-03-16 18:11:06,172 [INFO] app: 应用初始化完成，资源预热完毕 [in E:\ssjsy\flaskProject1\app\__init__.py:73]
2025-03-16 18:11:06,194 [WARNING] werkzeug:  * Debugger is active! [in E:\ssjsy\flaskProject1\venv\lib\site-packages\werkzeug\_internal.py:96]
2025-03-16 18:11:51,969 [INFO] rehab_manager: 康复训练管理器初始化完成 [in E:\ssjsy\flaskProject1\app\utils\rehab\rehab_manager.py:42]
2025-03-16 18:11:51,980 [INFO] pose_detector: 姿势检测器初始化完成 [in E:\ssjsy\flaskProject1\app\models\rehab\pose_detector.py:67]
2025-03-16 18:11:51,980 [INFO] rehab_manager: 康复训练管理器初始化完成 [in E:\ssjsy\flaskProject1\app\utils\rehab\rehab_manager.py:42]
2025-03-16 18:11:51,983 [INFO] rehab_manager: 康复训练管理器初始化完成 [in E:\ssjsy\flaskProject1\app\utils\rehab\rehab_manager.py:42]
2025-03-16 18:11:51,984 [INFO] app: 应用初始化完成，资源预热完毕 [in E:\ssjsy\flaskProject1\app\__init__.py:73]
2025-03-16 18:11:52,001 [WARNING] werkzeug:  * Debugger is active! [in E:\ssjsy\flaskProject1\venv\lib\site-packages\werkzeug\_internal.py:96]
2025-03-16 18:12:09,764 [INFO] pose_detector: 姿势检测器初始化完成 [in E:\ssjsy\flaskProject1\app\models\rehab\pose_detector.py:67]
2025-03-16 18:12:09,765 [INFO] rehab_manager: 康复训练管理器初始化完成 [in E:\ssjsy\flaskProject1\app\utils\rehab\rehab_manager.py:42]
2025-03-16 18:12:19,172 [INFO] rehab_manager: 根据Cobb角度 16° 判断侧弯程度: 轻度 [in E:\ssjsy\flaskProject1\app\utils\rehab\rehab_manager.py:400]
2025-03-16 18:12:19,172 [ERROR] rehab_manager: 创建康复计划失败: 'variations' [in E:\ssjsy\flaskProject1\app\utils\rehab\rehab_manager.py:432]
2025-03-16 18:12:19,292 [INFO] app: 请求参考姿势轮廓: spine_stretch, base64=True [in E:\ssjsy\flaskProject1\app\routes.py:1052]
2025-03-16 18:12:20,174 [INFO] app: 请求参考姿势轮廓: spine_stretch, base64=True [in E:\ssjsy\flaskProject1\app\routes.py:1052]
2025-03-16 18:12:20,176 [INFO] app: 请求参考姿势轮廓: side_bend, base64=True [in E:\ssjsy\flaskProject1\app\routes.py:1052]
2025-03-16 18:12:20,177 [INFO] app: 请求参考姿势轮廓: schroth_method, base64=True [in E:\ssjsy\flaskProject1\app\routes.py:1052]
2025-03-16 18:12:22,692 [INFO] app: 开始训练: session_id=b1e94b61-b793-48ff-8b56-cc91b107dc70, exercise_id=demo1 [in E:\ssjsy\flaskProject1\app\routes.py:1654]
2025-03-16 18:12:23,220 [INFO] pose_detector: 姿势检测器初始化完成 [in E:\ssjsy\flaskProject1\app\models\rehab\pose_detector.py:67]
2025-03-16 18:12:29,419 [WARNING] app.utils.decorators: IP 127.0.0.1 请求过快，已达到限制: 15/30秒 [in E:\ssjsy\flaskProject1\app\utils\decorators.py:136]
2025-03-16 18:12:29,702 [WARNING] app.utils.decorators: IP 127.0.0.1 请求过快，已达到限制: 15/30秒 [in E:\ssjsy\flaskProject1\app\utils\decorators.py:136]
2025-03-16 18:12:30,017 [WARNING] app.utils.decorators: IP 127.0.0.1 请求过快，已达到限制: 15/30秒 [in E:\ssjsy\flaskProject1\app\utils\decorators.py:136]
2025-03-16 18:12:30,319 [WARNING] app.utils.decorators: IP 127.0.0.1 请求过快，已达到限制: 15/30秒 [in E:\ssjsy\flaskProject1\app\utils\decorators.py:136]
2025-03-16 18:12:30,602 [WARNING] app.utils.decorators: IP 127.0.0.1 请求过快，已达到限制: 15/30秒 [in E:\ssjsy\flaskProject1\app\utils\decorators.py:136]
2025-03-16 18:12:30,919 [WARNING] app.utils.decorators: IP 127.0.0.1 请求过快，已达到限制: 15/30秒 [in E:\ssjsy\flaskProject1\app\utils\decorators.py:136]
2025-03-16 18:12:38,305 [INFO] app: 请求参考姿势轮廓: spine_stretch, base64=True [in E:\ssjsy\flaskProject1\app\routes.py:1052]
2025-03-16 18:12:38,351 [INFO] app: 请求参考姿势轮廓: spine_stretch, base64=True [in E:\ssjsy\flaskProject1\app\routes.py:1052]
2025-03-16 18:12:38,352 [INFO] app: 请求参考姿势轮廓: side_bend, base64=True [in E:\ssjsy\flaskProject1\app\routes.py:1052]
2025-03-16 18:12:38,352 [INFO] app: 请求参考姿势轮廓: schroth_method, base64=True [in E:\ssjsy\flaskProject1\app\routes.py:1052]
2025-03-16 18:12:44,720 [WARNING] app.utils.decorators: IP 127.0.0.1 请求过快，已达到限制: 15/30秒 [in E:\ssjsy\flaskProject1\app\utils\decorators.py:136]
2025-03-16 18:12:50,649 [INFO] app: 请求参考姿势轮廓: spine_stretch, base64=True [in E:\ssjsy\flaskProject1\app\routes.py:1052]
2025-03-16 18:12:50,733 [INFO] app: 请求参考姿势轮廓: spine_stretch, base64=True [in E:\ssjsy\flaskProject1\app\routes.py:1052]
2025-03-16 18:12:50,734 [INFO] app: 请求参考姿势轮廓: side_bend, base64=True [in E:\ssjsy\flaskProject1\app\routes.py:1052]
2025-03-16 18:12:50,735 [INFO] app: 请求参考姿势轮廓: schroth_method, base64=True [in E:\ssjsy\flaskProject1\app\routes.py:1052]
2025-03-16 18:16:16,994 [INFO] rehab_manager: 康复训练管理器初始化完成 [in E:\ssjsy\flaskProject1\app\utils\rehab\rehab_manager.py:42]
2025-03-16 18:16:17,005 [INFO] pose_detector: 姿势检测器初始化完成 [in E:\ssjsy\flaskProject1\app\models\rehab\pose_detector.py:67]
2025-03-16 18:16:17,006 [INFO] rehab_manager: 康复训练管理器初始化完成 [in E:\ssjsy\flaskProject1\app\utils\rehab\rehab_manager.py:42]
2025-03-16 18:16:17,007 [INFO] rehab_manager: 康复训练管理器初始化完成 [in E:\ssjsy\flaskProject1\app\utils\rehab\rehab_manager.py:42]
2025-03-16 18:16:17,009 [INFO] app: 应用初始化完成，资源预热完毕 [in E:\ssjsy\flaskProject1\app\__init__.py:73]
2025-03-16 18:16:17,030 [WARNING] werkzeug:  * Debugger is active! [in E:\ssjsy\flaskProject1\venv\lib\site-packages\werkzeug\_internal.py:96]
2025-03-16 18:22:15,175 [INFO] rehab_manager: 康复训练管理器初始化完成 [in e:\ssjsy\flaskProject1\app\utils\rehab\rehab_manager.py:42]
2025-03-16 18:22:15,185 [INFO] pose_detector: 姿势检测器初始化完成 [in e:\ssjsy\flaskProject1\app\models\rehab\pose_detector.py:67]
2025-03-16 18:22:15,187 [INFO] rehab_manager: 康复训练管理器初始化完成 [in e:\ssjsy\flaskProject1\app\utils\rehab\rehab_manager.py:42]
2025-03-16 18:22:15,188 [INFO] rehab_manager: 康复训练管理器初始化完成 [in e:\ssjsy\flaskProject1\app\utils\rehab\rehab_manager.py:42]
2025-03-16 18:22:15,189 [INFO] app: 应用初始化完成，资源预热完毕 [in e:\ssjsy\flaskProject1\app\__init__.py:73]
2025-03-16 18:22:31,819 [INFO] rehab_manager: 康复训练管理器初始化完成 [in e:\ssjsy\flaskProject1\app\utils\rehab\rehab_manager.py:42]
2025-03-16 18:22:31,830 [INFO] pose_detector: 姿势检测器初始化完成 [in e:\ssjsy\flaskProject1\app\models\rehab\pose_detector.py:67]
2025-03-16 18:22:31,831 [INFO] rehab_manager: 康复训练管理器初始化完成 [in e:\ssjsy\flaskProject1\app\utils\rehab\rehab_manager.py:42]
2025-03-16 18:22:31,832 [INFO] rehab_manager: 康复训练管理器初始化完成 [in e:\ssjsy\flaskProject1\app\utils\rehab\rehab_manager.py:42]
2025-03-16 18:22:31,832 [INFO] app: 应用初始化完成，资源预热完毕 [in e:\ssjsy\flaskProject1\app\__init__.py:73]
2025-03-16 18:22:31,849 [WARNING] werkzeug:  * Debugger is active! [in E:\ssjsy\flaskProject1\venv\lib\site-packages\werkzeug\_internal.py:96]
2025-03-16 18:23:06,416 [INFO] pose_detector: 姿势检测器初始化完成 [in e:\ssjsy\flaskProject1\app\models\rehab\pose_detector.py:67]
2025-03-16 18:23:06,417 [INFO] rehab_manager: 康复训练管理器初始化完成 [in e:\ssjsy\flaskProject1\app\utils\rehab\rehab_manager.py:42]
2025-03-16 18:23:06,418 [INFO] rehab_manager: 根据Cobb角度 18° 判断侧弯程度: 轻度 [in e:\ssjsy\flaskProject1\app\utils\rehab\rehab_manager.py:400]
2025-03-16 18:23:06,418 [ERROR] rehab_manager: 创建康复计划失败: 'variations' [in e:\ssjsy\flaskProject1\app\utils\rehab\rehab_manager.py:432]
2025-03-16 18:23:06,546 [INFO] app: 请求参考姿势轮廓: spine_stretch, base64=True [in e:\ssjsy\flaskProject1\app\routes.py:1052]
2025-03-16 18:23:07,832 [INFO] app: 请求参考姿势轮廓: spine_stretch, base64=True [in e:\ssjsy\flaskProject1\app\routes.py:1052]
2025-03-16 18:23:07,836 [INFO] app: 请求参考姿势轮廓: side_bend, base64=True [in e:\ssjsy\flaskProject1\app\routes.py:1052]
2025-03-16 18:23:07,838 [INFO] app: 请求参考姿势轮廓: schroth_method, base64=True [in e:\ssjsy\flaskProject1\app\routes.py:1052]
2025-03-16 18:23:12,780 [INFO] pose_detector: 姿势检测器初始化完成 [in e:\ssjsy\flaskProject1\app\models\rehab\pose_detector.py:67]
2025-03-16 18:23:19,020 [WARNING] app.utils.decorators: IP 127.0.0.1 请求过快，已达到限制: 15/30秒 [in e:\ssjsy\flaskProject1\app\utils\decorators.py:136]
2025-03-16 18:23:19,320 [WARNING] app.utils.decorators: IP 127.0.0.1 请求过快，已达到限制: 15/30秒 [in e:\ssjsy\flaskProject1\app\utils\decorators.py:136]
2025-03-16 18:23:19,604 [WARNING] app.utils.decorators: IP 127.0.0.1 请求过快，已达到限制: 15/30秒 [in e:\ssjsy\flaskProject1\app\utils\decorators.py:136]
2025-03-16 18:23:19,928 [WARNING] app.utils.decorators: IP 127.0.0.1 请求过快，已达到限制: 15/30秒 [in e:\ssjsy\flaskProject1\app\utils\decorators.py:136]
2025-03-16 18:23:20,205 [WARNING] app.utils.decorators: IP 127.0.0.1 请求过快，已达到限制: 15/30秒 [in e:\ssjsy\flaskProject1\app\utils\decorators.py:136]
2025-03-16 18:23:20,521 [WARNING] app.utils.decorators: IP 127.0.0.1 请求过快，已达到限制: 15/30秒 [in e:\ssjsy\flaskProject1\app\utils\decorators.py:136]
2025-03-16 18:27:53,208 [INFO] rehab_manager: 康复训练管理器初始化完成 [in e:\ssjsy\flaskProject1\app\utils\rehab\rehab_manager.py:42]
2025-03-16 18:27:53,221 [INFO] pose_detector: 姿势检测器初始化完成 [in e:\ssjsy\flaskProject1\app\models\rehab\pose_detector.py:67]
2025-03-16 18:27:53,221 [INFO] rehab_manager: 康复训练管理器初始化完成 [in e:\ssjsy\flaskProject1\app\utils\rehab\rehab_manager.py:42]
2025-03-16 18:27:53,223 [INFO] rehab_manager: 康复训练管理器初始化完成 [in e:\ssjsy\flaskProject1\app\utils\rehab\rehab_manager.py:42]
2025-03-16 18:27:53,224 [INFO] app: 应用初始化完成，资源预热完毕 [in e:\ssjsy\flaskProject1\app\__init__.py:73]
2025-03-16 18:27:53,244 [WARNING] werkzeug:  * Debugger is active! [in E:\ssjsy\flaskProject1\venv\lib\site-packages\werkzeug\_internal.py:96]
2025-03-16 18:30:21,522 [INFO] rehab_manager: 康复训练管理器初始化完成 [in e:\ssjsy\flaskProject1\app\utils\rehab\rehab_manager.py:42]
2025-03-16 18:30:21,533 [INFO] pose_detector: 姿势检测器初始化完成 [in e:\ssjsy\flaskProject1\app\models\rehab\pose_detector.py:67]
2025-03-16 18:30:21,533 [INFO] rehab_manager: 康复训练管理器初始化完成 [in e:\ssjsy\flaskProject1\app\utils\rehab\rehab_manager.py:42]
2025-03-16 18:30:21,536 [INFO] rehab_manager: 康复训练管理器初始化完成 [in e:\ssjsy\flaskProject1\app\utils\rehab\rehab_manager.py:42]
2025-03-16 18:30:21,537 [INFO] app: 应用初始化完成，资源预热完毕 [in e:\ssjsy\flaskProject1\app\__init__.py:73]
2025-03-16 18:30:21,557 [WARNING] werkzeug:  * Debugger is active! [in E:\ssjsy\flaskProject1\venv\lib\site-packages\werkzeug\_internal.py:96]
2025-03-16 18:47:21,819 [INFO] rehab_manager: 康复训练管理器初始化完成 [in e:\ssjsy\flaskProject1\app\utils\rehab\rehab_manager.py:42]
2025-03-16 18:47:21,831 [INFO] pose_detector: 姿势检测器初始化完成 [in e:\ssjsy\flaskProject1\app\models\rehab\pose_detector.py:56]
2025-03-16 18:47:21,832 [INFO] rehab_manager: 康复训练管理器初始化完成 [in e:\ssjsy\flaskProject1\app\utils\rehab\rehab_manager.py:42]
2025-03-16 18:47:21,834 [INFO] rehab_manager: 康复训练管理器初始化完成 [in e:\ssjsy\flaskProject1\app\utils\rehab\rehab_manager.py:42]
2025-03-16 18:47:21,835 [INFO] app: 应用初始化完成，资源预热完毕 [in e:\ssjsy\flaskProject1\app\__init__.py:73]
2025-03-16 18:47:38,594 [INFO] rehab_manager: 康复训练管理器初始化完成 [in e:\ssjsy\flaskProject1\app\utils\rehab\rehab_manager.py:42]
2025-03-16 18:47:38,605 [INFO] pose_detector: 姿势检测器初始化完成 [in e:\ssjsy\flaskProject1\app\models\rehab\pose_detector.py:56]
2025-03-16 18:47:38,606 [INFO] rehab_manager: 康复训练管理器初始化完成 [in e:\ssjsy\flaskProject1\app\utils\rehab\rehab_manager.py:42]
2025-03-16 18:47:38,607 [INFO] rehab_manager: 康复训练管理器初始化完成 [in e:\ssjsy\flaskProject1\app\utils\rehab\rehab_manager.py:42]
2025-03-16 18:47:38,608 [INFO] app: 应用初始化完成，资源预热完毕 [in e:\ssjsy\flaskProject1\app\__init__.py:73]
2025-03-16 18:47:38,624 [WARNING] werkzeug:  * Debugger is active! [in E:\ssjsy\flaskProject1\venv\lib\site-packages\werkzeug\_internal.py:96]
2025-03-16 18:47:39,181 [INFO] pose_detector: 姿势检测器初始化完成 [in e:\ssjsy\flaskProject1\app\models\rehab\pose_detector.py:56]
2025-03-16 18:47:39,181 [INFO] rehab_manager: 康复训练管理器初始化完成 [in e:\ssjsy\flaskProject1\app\utils\rehab\rehab_manager.py:42]
2025-03-16 18:47:49,046 [INFO] rehab_manager: 根据Cobb角度 11° 判断侧弯程度: 轻度 [in e:\ssjsy\flaskProject1\app\utils\rehab\rehab_manager.py:400]
2025-03-16 18:47:49,047 [ERROR] rehab_manager: 创建康复计划失败: 'variations' [in e:\ssjsy\flaskProject1\app\utils\rehab\rehab_manager.py:432]
2025-03-16 18:47:49,217 [INFO] app: 请求参考姿势轮廓: spine_stretch, base64=True [in e:\ssjsy\flaskProject1\app\routes.py:1050]
2025-03-16 18:47:50,153 [INFO] app: 请求参考姿势轮廓: spine_stretch, base64=True [in e:\ssjsy\flaskProject1\app\routes.py:1050]
2025-03-16 18:47:50,154 [INFO] app: 请求参考姿势轮廓: side_bend, base64=True [in e:\ssjsy\flaskProject1\app\routes.py:1050]
2025-03-16 18:47:50,158 [INFO] app: 请求参考姿势轮廓: schroth_method, base64=True [in e:\ssjsy\flaskProject1\app\routes.py:1050]
2025-03-16 18:47:51,970 [INFO] app: 开始训练: session_id=10b46376-d477-4da0-bdc4-1f99195b247a, exercise_id=demo1 [in e:\ssjsy\flaskProject1\app\routes.py:1583]
2025-03-16 18:47:52,502 [INFO] pose_detector: 姿势检测器初始化完成 [in e:\ssjsy\flaskProject1\app\models\rehab\pose_detector.py:56]
2025-03-16 18:47:58,702 [WARNING] app.utils.decorators: IP 127.0.0.1 请求过快，已达到限制: 15/30秒 [in e:\ssjsy\flaskProject1\app\utils\decorators.py:139]
2025-03-16 18:47:58,997 [WARNING] app.utils.decorators: IP 127.0.0.1 请求过快，已达到限制: 15/30秒 [in e:\ssjsy\flaskProject1\app\utils\decorators.py:139]
2025-03-16 18:47:59,299 [WARNING] app.utils.decorators: IP 127.0.0.1 请求过快，已达到限制: 15/30秒 [in e:\ssjsy\flaskProject1\app\utils\decorators.py:139]
2025-03-16 18:47:59,605 [WARNING] app.utils.decorators: IP 127.0.0.1 请求过快，已达到限制: 15/30秒 [in e:\ssjsy\flaskProject1\app\utils\decorators.py:139]
2025-03-16 18:47:59,894 [WARNING] app.utils.decorators: IP 127.0.0.1 请求过快，已达到限制: 15/30秒 [in e:\ssjsy\flaskProject1\app\utils\decorators.py:139]
2025-03-16 18:48:00,198 [WARNING] app.utils.decorators: IP 127.0.0.1 请求过快，已达到限制: 15/30秒 [in e:\ssjsy\flaskProject1\app\utils\decorators.py:139]
